<?xml version="1.0" encoding="UTF-8"?>
<!-- Generated by org.testng.reporters.JUnitReportReporter -->
<testsuite skipped="0" hostname="DNA009-VidyaRevankar" name="com.crm.LoginTest.Login" tests="2" failures="0" timestamp="08 Mar 2018 07:44:19 GMT" time="14.555" errors="0">
  <testcase name="loginTest" time="14.544" classname="com.crm.LoginTest.Login"/>
  <testcase name="verifyURL" time="0.011" classname="com.crm.LoginTest.Login"/>
</testsuite> <!-- com.crm.LoginTest.Login -->
